<?xml version="1.0" encoding="UTF-8"?>
<!-- Generated by org.testng.reporters.JUnitReportReporter -->
<testsuite hostname="DESKTOP-0OTUUJ4" failures="0" tests="1" name="restassuredtestcases.WaitMethod" time="7.046" errors="0" timestamp="2022-01-21T10:11:52 IST" skipped="0">
  <testcase classname="restassuredtestcases.WaitMethod" name="testGetUserList" time="7.046"/>
  <system-out/>
</testsuite> <!-- restassuredtestcases.WaitMethod -->
