<?xml version="1.0" encoding="UTF-8"?>
<!-- Generated by org.testng.reporters.JUnitReportReporter -->
<testsuite hostname="DESKTOP-0OTUUJ4" failures="0" tests="1" name="restassuredtestcases.PatchRequest" time="4.863" errors="0" timestamp="2022-01-20T16:49:06 IST" skipped="0">
  <testcase classname="restassuredtestcases.PatchRequest" name="testPatchCreatedUser" time="4.863"/>
  <system-out/>
</testsuite> <!-- restassuredtestcases.PatchRequest -->
