<?xml version="1.0" encoding="UTF-8"?>
<!-- Generated by org.testng.reporters.JUnitReportReporter -->
<testsuite hostname="DESKTOP-0OTUUJ4" failures="0" tests="1" name="restassuredtestcases.PostRequest" time="4.212" errors="0" timestamp="2022-01-20T16:19:23 IST" skipped="0">
  <testcase classname="restassuredtestcases.PostRequest" name="testPostCreateUser" time="4.212"/>
  <system-out/>
</testsuite> <!-- restassuredtestcases.PostRequest -->
