<?xml version="1.0" encoding="UTF-8"?>
<!-- Generated by org.testng.reporters.JUnitReportReporter -->
<testsuite hostname="DESKTOP-0OTUUJ4" failures="0" tests="2" name="restassuredtestcases.GetRequest" time="3.528" errors="0" timestamp="2022-01-19T17:39:10 IST" skipped="0">
  <testcase classname="restassuredtestcases.GetRequest" name="testGetUserDetails" time="3.389"/>
  <system-out/>
  <testcase classname="restassuredtestcases.GetRequest" name="testGetUsersList" time="0.139"/>
  <system-out/>
</testsuite> <!-- restassuredtestcases.GetRequest -->
