<?xml version="1.0" encoding="UTF-8"?>
<!-- Generated by org.testng.reporters.JUnitReportReporter -->
<testsuite hostname="DESKTOP-0OTUUJ4" failures="0" tests="1" name="restassuredtestcases.FetchingValuesFromResponse" time="4.402" errors="0" timestamp="2022-01-21T09:23:32 IST" skipped="0">
  <testcase classname="restassuredtestcases.FetchingValuesFromResponse" name="test" time="4.402"/>
  <system-out/>
</testsuite> <!-- restassuredtestcases.FetchingValuesFromResponse -->
