<?xml version="1.0" encoding="UTF-8"?>
<!-- Generated by org.testng.reporters.JUnitReportReporter -->
<testsuite hostname="DESKTOP-0OTUUJ4" failures="0" tests="1" name="restassuredtestcases.PutRequest" time="4.149" errors="0" timestamp="2022-01-20T16:37:49 IST" skipped="0">
  <testcase classname="restassuredtestcases.PutRequest" name="testPutCreatedUser" time="4.149"/>
  <system-out/>
</testsuite> <!-- restassuredtestcases.PutRequest -->
