<?xml version="1.0" encoding="UTF-8"?>
<!-- Generated by org.testng.reporters.JUnitReportReporter -->
<testsuite hostname="DESKTOP-0OTUUJ4" failures="0" tests="2" name="restassuredtestcases.GetRequestCucumberStyle" time="5.886" errors="0" timestamp="2022-01-20T12:50:45 IST" skipped="1">
  <testcase classname="restassuredtestcases.GetRequestCucumberStyle" name="testValidateGetUserlistData" time="5.886"/>
  <system-out/>
  <testcase classname="restassuredtestcases.GetRequestCucumberStyle" name="testGetUserList">
    <skipped/>
  </testcase> <!-- testGetUserList -->
  <system-out/>
</testsuite> <!-- restassuredtestcases.GetRequestCucumberStyle -->
