<?xml version="1.0" encoding="UTF-8"?>
<!-- Generated by org.testng.reporters.JUnitReportReporter -->
<testsuite hostname="DESKTOP-0OTUUJ4" failures="0" tests="1" name="restassuredtestcases.ExtractValuesFromResponse" time="5.776" errors="0" timestamp="2022-01-21T14:38:13 IST" skipped="0">
  <testcase classname="restassuredtestcases.ExtractValuesFromResponse" name="test" time="5.776"/>
  <system-out/>
</testsuite> <!-- restassuredtestcases.ExtractValuesFromResponse -->
