<?xml version="1.0" encoding="UTF-8"?>
<!-- Generated by org.testng.reporters.JUnitReportReporter -->
<testsuite hostname="DESKTOP-0OTUUJ4" failures="0" tests="1" name="restassuredtestcases.DeleteRequest" time="4.080" errors="0" timestamp="2022-01-20T17:09:57 IST" skipped="0">
  <testcase classname="restassuredtestcases.DeleteRequest" name="testDeleteCreatedUser" time="4.080"/>
  <system-out/>
</testsuite> <!-- restassuredtestcases.DeleteRequest -->
